This is pdfTeX, Version 3.14159265-2.6-1.40.19 (TeX Live 2018) (preloaded format=pdflatex 2018.4.16)  27 NOV 2018 19:35
entering extended mode
 restricted \write18 enabled.
 file:line:error style messages enabled.
 %&-line parsing enabled.
**/Users/aleks/Documents/TEC/Redes/proyecto2/documentacion.tex
(/Users/aleks/Documents/TEC/Redes/proyecto2/documentacion.tex
LaTeX2e <2018-04-01> patch level 2
Babel <3.18> and hyphenation patterns for 84 language(s) loaded.
(/usr/local/texlive/2018/texmf-dist/tex/latex/base/article.cls
Document Class: article 2014/09/29 v1.4h Standard LaTeX document class
(/usr/local/texlive/2018/texmf-dist/tex/latex/base/size10.clo
File: size10.clo 2014/09/29 v1.4h Standard LaTeX file (size option)
)
\c@part=\count80
\c@section=\count81
\c@subsection=\count82
\c@subsubsection=\count83
\c@paragraph=\count84
\c@subparagraph=\count85
\c@figure=\count86
\c@table=\count87
\abovecaptionskip=\skip41
\belowcaptionskip=\skip42
\bibindent=\dimen102
) (/usr/local/texlive/2018/texmf-dist/tex/latex/graphics/graphicx.sty
Package: graphicx 2017/06/01 v1.1a Enhanced LaTeX Graphics (DPC,SPQR)
 (/usr/local/texlive/2018/texmf-dist/tex/latex/graphics/keyval.sty
Package: keyval 2014/10/28 v1.15 key=value parser (DPC)
\KV@toks@=\toks14
) (/usr/local/texlive/2018/texmf-dist/tex/latex/graphics/graphics.sty
Package: graphics 2017/06/25 v1.2c Standard LaTeX Graphics (DPC,SPQR)
 (/usr/local/texlive/2018/texmf-dist/tex/latex/graphics/trig.sty
Package: trig 2016/01/03 v1.10 sin cos tan (DPC)
) (/usr/local/texlive/2018/texmf-dist/tex/latex/graphics-cfg/graphics.cfg
File: graphics.cfg 2016/06/04 v1.11 sample graphics configuration
)
Package graphics Info: Driver file: pdftex.def on input line 99.
 (/usr/local/texlive/2018/texmf-dist/tex/latex/graphics-def/pdftex.def
File: pdftex.def 2018/01/08 v1.0l Graphics/color driver for pdftex
))
\Gin@req@height=\dimen103
\Gin@req@width=\dimen104
) (/usr/local/texlive/2018/texmf-dist/tex/latex/fancyhdr/fancyhdr.sty
Package: fancyhdr 2017/06/30 v3.9a Extensive control of page headers and footers
\f@nch@headwidth=\skip43
\f@nch@O@elh=\skip44
\f@nch@O@erh=\skip45
\f@nch@O@olh=\skip46
\f@nch@O@orh=\skip47
\f@nch@O@elf=\skip48
\f@nch@O@erf=\skip49
\f@nch@O@olf=\skip50
\f@nch@O@orf=\skip51
) (/usr/local/texlive/2018/texmf-dist/tex/latex/listings/listings.sty
\lst@mode=\count88
\lst@gtempboxa=\box26
\lst@token=\toks15
\lst@length=\count89
\lst@currlwidth=\dimen105
\lst@column=\count90
\lst@pos=\count91
\lst@lostspace=\dimen106
\lst@width=\dimen107
\lst@newlines=\count92
\lst@lineno=\count93
\lst@maxwidth=\dimen108
 (/usr/local/texlive/2018/texmf-dist/tex/latex/listings/lstmisc.sty
File: lstmisc.sty 2015/06/04 1.6 (Carsten Heinz)
\c@lstnumber=\count94
\lst@skipnumbers=\count95
\lst@framebox=\box27
) (/usr/local/texlive/2018/texmf-dist/tex/latex/listings/listings.cfg
File: listings.cfg 2015/06/04 1.6 listings configuration
))
Package: listings 2015/06/04 1.6 (Carsten Heinz)
 (./documentacion.aux)
\openout1 = `documentacion.aux'.

LaTeX Font Info:    Checking defaults for OML/cmm/m/it on input line 15.
LaTeX Font Info:    ... okay on input line 15.
LaTeX Font Info:    Checking defaults for T1/cmr/m/n on input line 15.
LaTeX Font Info:    ... okay on input line 15.
LaTeX Font Info:    Checking defaults for OT1/cmr/m/n on input line 15.
LaTeX Font Info:    ... okay on input line 15.
LaTeX Font Info:    Checking defaults for OMS/cmsy/m/n on input line 15.
LaTeX Font Info:    ... okay on input line 15.
LaTeX Font Info:    Checking defaults for OMX/cmex/m/n on input line 15.
LaTeX Font Info:    ... okay on input line 15.
LaTeX Font Info:    Checking defaults for U/cmr/m/n on input line 15.
LaTeX Font Info:    ... okay on input line 15.
 (/usr/local/texlive/2018/texmf-dist/tex/context/base/mkii/supp-pdf.mkii
[Loading MPS to PDF converter (version 2006.09.02).]
\scratchcounter=\count96
\scratchdimen=\dimen109
\scratchbox=\box28
\nofMPsegments=\count97
\nofMParguments=\count98
\everyMPshowfont=\toks16
\MPscratchCnt=\count99
\MPscratchDim=\dimen110
\MPnumerator=\count100
\makeMPintoPDFobject=\count101
\everyMPtoPDFconversion=\toks17
) (/usr/local/texlive/2018/texmf-dist/tex/latex/oberdiek/epstopdf-base.sty
Package: epstopdf-base 2016/05/15 v2.6 Base part for package epstopdf
 (/usr/local/texlive/2018/texmf-dist/tex/generic/oberdiek/infwarerr.sty
Package: infwarerr 2016/05/16 v1.4 Providing info/warning/error messages (HO)
) (/usr/local/texlive/2018/texmf-dist/tex/latex/oberdiek/grfext.sty
Package: grfext 2016/05/16 v1.2 Manage graphics extensions (HO)
 (/usr/local/texlive/2018/texmf-dist/tex/generic/oberdiek/kvdefinekeys.sty
Package: kvdefinekeys 2016/05/16 v1.4 Define keys (HO)
 (/usr/local/texlive/2018/texmf-dist/tex/generic/oberdiek/ltxcmds.sty
Package: ltxcmds 2016/05/16 v1.23 LaTeX kernel commands for general use (HO)
))) (/usr/local/texlive/2018/texmf-dist/tex/latex/oberdiek/kvoptions.sty
Package: kvoptions 2016/05/16 v3.12 Key value format for package options (HO)
 (/usr/local/texlive/2018/texmf-dist/tex/generic/oberdiek/kvsetkeys.sty
Package: kvsetkeys 2016/05/16 v1.17 Key value parser (HO)
 (/usr/local/texlive/2018/texmf-dist/tex/generic/oberdiek/etexcmds.sty
Package: etexcmds 2016/05/16 v1.6 Avoid name clashes with e-TeX commands (HO)
 (/usr/local/texlive/2018/texmf-dist/tex/generic/oberdiek/ifluatex.sty
Package: ifluatex 2016/05/16 v1.4 Provides the ifluatex switch (HO)
Package ifluatex Info: LuaTeX not detected.
)
Package etexcmds Info: Could not find \expanded.
(etexcmds)             That can mean that you are not using pdfTeX 1.50 or
(etexcmds)             that some package has redefined \expanded.
(etexcmds)             In the latter case, load this package earlier.
))) (/usr/local/texlive/2018/texmf-dist/tex/generic/oberdiek/pdftexcmds.sty
Package: pdftexcmds 2018/01/30 v0.27 Utility functions of pdfTeX for LuaTeX (HO)
 (/usr/local/texlive/2018/texmf-dist/tex/generic/oberdiek/ifpdf.sty
Package: ifpdf 2017/03/15 v3.2 Provides the ifpdf switch
)
Package pdftexcmds Info: LuaTeX not detected.
Package pdftexcmds Info: \pdf@primitive is available.
Package pdftexcmds Info: \pdf@ifprimitive is available.
Package pdftexcmds Info: \pdfdraftmode found.
)
Package epstopdf-base Info: Redefining graphics rule for `.eps' on input line 438.
Package grfext Info: Graphics extension search list:
(grfext)             [.pdf,.png,.jpg,.mps,.jpeg,.jbig2,.jb2,.PDF,.PNG,.JPG,.JPEG,.JBIG2,.JB2,.eps]
(grfext)             \AppendGraphicsExtensions on input line 456.
 (/usr/local/texlive/2018/texmf-dist/tex/latex/latexconfig/epstopdf-sys.cfg
File: epstopdf-sys.cfg 2010/07/13 v1.3 Configuration of (r)epstopdf for TeX Live
))
\c@lstlisting=\count102
 [1

{/usr/local/texlive/2018/texmf-var/fonts/map/pdftex/updmap/pdftex.map}]
LaTeX Font Info:    Try loading font information for OMS+cmr on input line 40.
 (/usr/local/texlive/2018/texmf-dist/tex/latex/base/omscmr.fd
File: omscmr.fd 2014/09/29 v2.5h Standard LaTeX font definitions
)
LaTeX Font Info:    Font shape `OMS/cmr/m/n' in size <10> not available
(Font)              Font shape `OMS/cmsy/m/n' tried instead on input line 40.
<images/instances-1.png, id=9, 101.32701pt x 29.80206pt>
File: images/instances-1.png Graphic file (type png)
<use images/instances-1.png>
Package pdftex.def Info: images/instances-1.png  used on input line 65.
(pdftex.def)             Requested size: 101.32675pt x 29.80197pt.


LaTeX Warning: `!h' float specifier changed to `!ht'.

[1]
<images/keypair-1.png, id=15, 90.15123pt x 30.54712pt>
File: images/keypair-1.png Graphic file (type png)
<use images/keypair-1.png>
Package pdftex.def Info: images/keypair-1.png  used on input line 86.
(pdftex.def)             Requested size: 90.15099pt x 30.54703pt.
<images/keypair-2.png, id=16, 464.16711pt x 193.71341pt>
File: images/keypair-2.png Graphic file (type png)
<use images/keypair-2.png>
Package pdftex.def Info: images/keypair-2.png  used on input line 92.
(pdftex.def)             Requested size: 345.0pt x 143.98117pt.


LaTeX Warning: `!h' float specifier changed to `!ht'.

<images/pbx-1.png, id=17, 989.6975pt x 69.25874pt>
File: images/pbx-1.png Graphic file (type png)
<use images/pbx-1.png>
Package pdftex.def Info: images/pbx-1.png  used on input line 107.
(pdftex.def)             Requested size: 345.0pt x 24.14262pt.

LaTeX Warning: `!h' float specifier changed to `!ht'.

<images/pbx-2.png, id=19, 986.68625pt x 47.17625pt>
File: images/pbx-2.png Graphic file (type png)
<use images/pbx-2.png>
Package pdftex.def Info: images/pbx-2.png  used on input line 114.
(pdftex.def)             Requested size: 345.0pt x 16.49536pt.

LaTeX Warning: `!h' float specifier changed to `!ht'.

<images/pbx-3.png, id=20, 988.69376pt x 49.18375pt>
File: images/pbx-3.png Graphic file (type png)
<use images/pbx-3.png>
Package pdftex.def Info: images/pbx-3.png  used on input line 121.
(pdftex.def)             Requested size: 345.0pt x 17.16202pt.
[2 <./images/instances-1.png> <./images/keypair-1.png>]
<images/pbx-4.png, id=26, 988.69376pt x 189.70876pt>
File: images/pbx-4.png Graphic file (type png)
<use images/pbx-4.png>
Package pdftex.def Info: images/pbx-4.png  used on input line 128.
(pdftex.def)             Requested size: 345.0pt x 66.19643pt.
<images/pbx-5.png, id=27, 988.69376pt x 49.18375pt>
File: images/pbx-5.png Graphic file (type png)
<use images/pbx-5.png>
Package pdftex.def Info: images/pbx-5.png  used on input line 135.
(pdftex.def)             Requested size: 345.0pt x 17.16202pt.


LaTeX Warning: `!h' float specifier changed to `!ht'.

<images/pbx-6.png, id=28, 988.69376pt x 149.55875pt>
File: images/pbx-6.png Graphic file (type png)
<use images/pbx-6.png>
Package pdftex.def Info: images/pbx-6.png  used on input line 142.
(pdftex.def)             Requested size: 345.0pt x 52.1866pt.
[3 <./images/keypair-2.png> <./images/pbx-1.png> <./images/pbx-2.png> <./images/pbx-3.png> <./images/pbx-4.png>]
<images/pbx-7.png, id=36, 988.69376pt x 49.18375pt>
File: images/pbx-7.png Graphic file (type png)
<use images/pbx-7.png>
Package pdftex.def Info: images/pbx-7.png  used on input line 149.
(pdftex.def)             Requested size: 345.0pt x 17.16202pt.
<images/pbx-8.png, id=37, 988.69376pt x 109.40875pt>
File: images/pbx-8.png Graphic file (type png)
<use images/pbx-8.png>
Package pdftex.def Info: images/pbx-8.png  used on input line 156.
(pdftex.def)             Requested size: 345.0pt x 38.17676pt.
<images/pbx-9.png, id=38, 988.69376pt x 29.10875pt>
File: images/pbx-9.png Graphic file (type png)
<use images/pbx-9.png>
Package pdftex.def Info: images/pbx-9.png  used on input line 163.
(pdftex.def)             Requested size: 345.0pt x 10.15712pt.
<images/pbx-10.png, id=39, 987.69pt x 68.255pt>
File: images/pbx-10.png Graphic file (type png)
<use images/pbx-10.png>
Package pdftex.def Info: images/pbx-10.png  used on input line 170.
(pdftex.def)             Requested size: 345.0pt x 23.84065pt.
<images/pbx-11.png, id=40, 990.70125pt x 371.3875pt>
File: images/pbx-11.png Graphic file (type png)
<use images/pbx-11.png>
Package pdftex.def Info: images/pbx-11.png  used on input line 177.
(pdftex.def)             Requested size: 345.0pt x 129.3302pt.


LaTeX Warning: `!h' float specifier changed to `!ht'.

<images/pbx-12.png, id=41, 988.69376pt x 109.40875pt>
File: images/pbx-12.png Graphic file (type png)
<use images/pbx-12.png>
Package pdftex.def Info: images/pbx-12.png  used on input line 184.
(pdftex.def)             Requested size: 345.0pt x 38.17676pt.

LaTeX Warning: `!h' float specifier changed to `!ht'.

(/usr/local/texlive/2018/texmf-dist/tex/latex/listings/lstlang1.sty
File: lstlang1.sty 2015/06/04 1.6 listings language file
) (/usr/local/texlive/2018/texmf-dist/tex/latex/listings/lstlang1.sty
File: lstlang1.sty 2015/06/04 1.6 listings language file
) [4 <./images/pbx-5.png> <./images/pbx-6.png> <./images/pbx-7.png> <./images/pbx-8.png> <./images/pbx-9.png> <./images/pbx-10.png>]
LaTeX Font Info:    External font `cmex10' loaded for size
(Font)              <7> on input line 195.
LaTeX Font Info:    External font `cmex10' loaded for size
(Font)              <5> on input line 195.
LaTeX Font Info:    Try loading font information for OML+cmr on input line 200.
 (/usr/local/texlive/2018/texmf-dist/tex/latex/base/omlcmr.fd
File: omlcmr.fd 2014/09/29 v2.5h Standard LaTeX font definitions
)
LaTeX Font Info:    Font shape `OML/cmr/m/n' in size <10> not available
(Font)              Font shape `OML/cmm/m/it' tried instead on input line 200.


/Users/aleks/Documents/TEC/Redes/proyecto2/documentacion.tex:216: Package inputenc Error: Invalid UTF-8 byte sequence.

See the inputenc package documentation for explanation.
Type  H <return>  for immediate help.
 ...                                              
                                                  
l.216     $ sudo grep ‘temporary 
                                   password’ /var/log/mysqld.log
The document does not appear to be in UTF-8 encoding.
Try adding \UseRawInputEncoding as the first line of the file
or specify an encoding such as \usepackage [latin1]{inputenc}
in the document preamble.
Alternatively, save the file in UTF-8 using your editor or another tool


/Users/aleks/Documents/TEC/Redes/proyecto2/documentacion.tex:216: Package inputenc Error: Invalid UTF-8 byte 152.

See the inputenc package documentation for explanation.
Type  H <return>  for immediate help.
 ...                                              
                                                  
l.216     $ sudo grep ‘temporary 
                                   password’ /var/log/mysqld.log
The document does not appear to be in UTF-8 encoding.
Try adding \UseRawInputEncoding as the first line of the file
or specify an encoding such as \usepackage [latin1]{inputenc}
in the document preamble.
Alternatively, save the file in UTF-8 using your editor or another tool


/Users/aleks/Documents/TEC/Redes/proyecto2/documentacion.tex:216: Package inputenc Error: Invalid UTF-8 byte sequence.

See the inputenc package documentation for explanation.
Type  H <return>  for immediate help.
 ...                                              
                                                  
l.216     $ sudo grep ‘temporary password’ 
                                               /var/log/mysqld.log
The document does not appear to be in UTF-8 encoding.
Try adding \UseRawInputEncoding as the first line of the file
or specify an encoding such as \usepackage [latin1]{inputenc}
in the document preamble.
Alternatively, save the file in UTF-8 using your editor or another tool


/Users/aleks/Documents/TEC/Redes/proyecto2/documentacion.tex:216: Package inputenc Error: Invalid UTF-8 byte 128.

See the inputenc package documentation for explanation.
Type  H <return>  for immediate help.
 ...                                              
                                                  
l.216     $ sudo grep ‘temporary password’ 
                                               /var/log/mysqld.log
The document does not appear to be in UTF-8 encoding.
Try adding \UseRawInputEncoding as the first line of the file
or specify an encoding such as \usepackage [latin1]{inputenc}
in the document preamble.
Alternatively, save the file in UTF-8 using your editor or another tool


/Users/aleks/Documents/TEC/Redes/proyecto2/documentacion.tex:216: Package inputenc Error: Invalid UTF-8 byte 153.

See the inputenc package documentation for explanation.
Type  H <return>  for immediate help.
 ...                                              
                                                  
l.216     $ sudo grep ‘temporary password’ 
                                               /var/log/mysqld.log
The document does not appear to be in UTF-8 encoding.
Try adding \UseRawInputEncoding as the first line of the file
or specify an encoding such as \usepackage [latin1]{inputenc}
in the document preamble.
Alternatively, save the file in UTF-8 using your editor or another tool


Overfull \hbox (40.0037pt too wide) in paragraph at lines 216--217
[][][][][][][][][][][][][][][][][][][][][] 
 []


Overfull \hbox (58.00388pt too wide) in paragraph at lines 218--219
[][][][][][][][][][][][][][][][][][][][][][][][] 
 []

[5 <./images/pbx-11.png> <./images/pbx-12.png>]
Overfull \hbox (122.0043pt too wide) in paragraph at lines 235--236
[][][][][][][][][][][][][][][][][][][][][][] 
 []


Overfull \hbox (26.00333pt too wide) in paragraph at lines 238--239
[][][][] 
 []


Overfull \hbox (20.00327pt too wide) in paragraph at lines 239--240
[][][][][][][][][][][][][][]
 []


Overfull \hbox (26.00333pt too wide) in paragraph at lines 240--241
[][][][] 
 []


Overfull \hbox (26.00333pt too wide) in paragraph at lines 241--242
[][][][][][][][][][][][] 
 []


Overfull \hbox (20.00327pt too wide) in paragraph at lines 242--243
[][][][][][][][][][][][][][]
 []


Overfull \hbox (26.00333pt too wide) in paragraph at lines 243--244
[][][][][][][][][][][][][][] 
 []


Overfull \hbox (20.00327pt too wide) in paragraph at lines 244--245
[][][][][][][][][][][][][][]
 []


Overfull \hbox (26.00333pt too wide) in paragraph at lines 245--246
[][][][] 
 []


Overfull \hbox (80.00388pt too wide) in paragraph at lines 250--251
[][][][][][][][][][][][][][][][][][][][][][] 
 []


Overfull \hbox (68.00375pt too wide) in paragraph at lines 256--257
[][][][][][][][][][][][][][][][][] 
 []


Overfull \hbox (38.00345pt too wide) in paragraph at lines 257--258
[][][][] 
 []


Overfull \hbox (32.00339pt too wide) in paragraph at lines 258--259
[][][][][][][][][][][][][][]
 []


Overfull \hbox (38.00345pt too wide) in paragraph at lines 259--260
[][][][] 
 []


Overfull \hbox (32.00339pt too wide) in paragraph at lines 260--261
[][][][][][][][][][][][][][][][]
 []


Overfull \hbox (32.00339pt too wide) in paragraph at lines 261--262
[][][][][][][][][][][][][][]
 []


Overfull \hbox (38.00345pt too wide) in paragraph at lines 262--263
[][][][][][][][][][][][][][][] 
 []


Overfull \hbox (32.00339pt too wide) in paragraph at lines 263--264
[][][][][][][][][][][][][][]
 []


Overfull \hbox (32.00339pt too wide) in paragraph at lines 264--265
[][][][][][][][][][][][][][][][]
 []


Overfull \hbox (38.00345pt too wide) in paragraph at lines 265--266
[][][][] 
 []

[6]
Overfull \hbox (112.00443pt too wide) in paragraph at lines 272--273
[][][][][][][][][][][][][][][][][][][][] 
 []


Overfull \hbox (82.00412pt too wide) in paragraph at lines 273--274
[][][][] 
 []


Overfull \hbox (76.00406pt too wide) in paragraph at lines 274--275
[][][][][][][][][][][][][][]
 []


Overfull \hbox (82.00412pt too wide) in paragraph at lines 275--276
[][][][] 
 []


Overfull \hbox (76.00406pt too wide) in paragraph at lines 276--277
[][][][][][][][][][][][][][]
 []


Overfull \hbox (76.00406pt too wide) in paragraph at lines 277--278
[][][][][][][][][][][][][][][]
 []


Overfull \hbox (76.00406pt too wide) in paragraph at lines 278--279
[][][][][][][][][][][][][][]
 []


Overfull \hbox (76.00406pt too wide) in paragraph at lines 279--280
[][][][][][][][][][][][][][]
 []


Overfull \hbox (76.00406pt too wide) in paragraph at lines 280--281
[][][][][][][][][][][][][][]
 []


Overfull \hbox (76.00406pt too wide) in paragraph at lines 281--282
[][][][][][][][][][][][][][][]
 []


Overfull \hbox (76.00406pt too wide) in paragraph at lines 282--283
[][][][][][][][][][][][]
 []


Overfull \hbox (76.00406pt too wide) in paragraph at lines 283--284
[][][][][][][][][][][][][][]
 []


Overfull \hbox (82.00412pt too wide) in paragraph at lines 284--285
[][][][][][][][][][][][][][][][][][][][][][][][] 
 []


Overfull \hbox (82.00412pt too wide) in paragraph at lines 285--287
[][][][] 
 []


Overfull \hbox (124.00455pt too wide) in paragraph at lines 288--289
[][][][][][][][][][][][][][][][][][][][] 
 []


Overfull \hbox (82.00412pt too wide) in paragraph at lines 289--290
[][][][] 
 []


Overfull \hbox (76.00406pt too wide) in paragraph at lines 290--291
[][][][][][][][][][][][][][]
 []


Overfull \hbox (82.00412pt too wide) in paragraph at lines 291--292
[][][][] 
 []


Overfull \hbox (76.00406pt too wide) in paragraph at lines 292--293
[][][][][][][][][][][][][][]
 []


Overfull \hbox (76.00406pt too wide) in paragraph at lines 293--294
[][][][][][][][][][][][][][][]
 []


Overfull \hbox (76.00406pt too wide) in paragraph at lines 294--295
[][][][][][][][][][][][][][]
 []


Overfull \hbox (76.00406pt too wide) in paragraph at lines 295--296
[][][][][][][][][][][][][][]
 []


Overfull \hbox (76.00406pt too wide) in paragraph at lines 296--297
[][][][][][][][][][][][][][]
 []


Overfull \hbox (76.00406pt too wide) in paragraph at lines 297--298
[][][][][][][][][][][][][][][]
 []


Overfull \hbox (76.00406pt too wide) in paragraph at lines 298--299
[][][][][][][][][][][][]
 []

[7]
Overfull \hbox (76.00406pt too wide) in paragraph at lines 299--300
[][][][][][][][][][][][][][]
 []


Overfull \hbox (82.00412pt too wide) in paragraph at lines 300--301
[][][][][][][][][][][][][][][][][][][][][][][][] 
 []


Overfull \hbox (82.00412pt too wide) in paragraph at lines 301--303
[][][][] 
 []


Overfull \hbox (10.00339pt too wide) in paragraph at lines 305--306
[][][][] 
 []


Overfull \hbox (4.00333pt too wide) in paragraph at lines 306--307
[][][][][][][][][][][][][][]
 []


Overfull \hbox (10.00339pt too wide) in paragraph at lines 307--308
[][][][] 
 []


Overfull \hbox (4.00333pt too wide) in paragraph at lines 308--309
[][][][][][][][][][][][][][]
 []


Overfull \hbox (10.00339pt too wide) in paragraph at lines 309--310
[][][][][][][][][][][][][][] 
 []


Overfull \hbox (4.00333pt too wide) in paragraph at lines 310--311
[][][][][][][][][][][][][][]
 []


Overfull \hbox (4.00333pt too wide) in paragraph at lines 311--312
[][][][][][][][][][][][][][]
 []


Overfull \hbox (4.00333pt too wide) in paragraph at lines 312--313
[][][][][][][][][][][][][][]
 []


Overfull \hbox (10.00339pt too wide) in paragraph at lines 313--314
[][][][][][][][][][][][][][][] 
 []


Overfull \hbox (4.00333pt too wide) in paragraph at lines 314--315
[][][][][][][][][][][][]
 []


Overfull \hbox (4.00333pt too wide) in paragraph at lines 315--316
[][][][][][][][][][][][][][]
 []


Overfull \hbox (4.00333pt too wide) in paragraph at lines 316--317
[][][][][][][][][][][][][][][][][][]
 []


Overfull \hbox (10.00339pt too wide) in paragraph at lines 317--318
[][][][] 
 []


Overfull \hbox (40.0037pt too wide) in paragraph at lines 326--327
[][][][][][][][][][][][][][][][][][][][] 
 []


Overfull \hbox (532.0087pt too wide) in paragraph at lines 333--334
[][][][][][][][][][][][][][][][][][][][][][][][][][][][][][][][][][][][][][][][][][][][][][][][][][][][][][] 
 []

[8]
Overfull \hbox (956.01279pt too wide) in paragraph at lines 350--351
[][][][][][][][][][][][][][][][][][][][][][][][][][][][][][][][][][][][][][][][][][][][][][][][][][] 
 []


Overfull \hbox (140.00449pt too wide) in paragraph at lines 372--373
[][][][][][][][][][][][][][] 
 []

[9]
Overfull \hbox (201.00555pt too wide) in paragraph at lines 410--412
[][][][][][][][][][][][][][][][][][][][][][][][][][][][] 
 []

[10] [11]
/Users/aleks/Documents/TEC/Redes/proyecto2/documentacion.tex:530: Undefined control sequence.
l.530   [online] Available at: \url
                                   {https://wiki.freepbx.org/display/FOP/Ins...
The control sequence at the end of the top line
of your error message was never \def'ed. If you have
misspelled it (e.g., `\hobx'), type `I' and the correct
spelling (e.g., `I\hbox'). Otherwise just continue,
and I'll forget about whatever was undefined.


Underfull \hbox (badness 2237) in paragraph at lines 529--531
[]\OT1/cmr/m/n/10 Wiki.freepbx.org. (2018). \OT1/cmr/m/it/10 In-stalling FreePBX 14 on Ubuntu 18.04 -
 []


Underfull \hbox (badness 1496) in paragraph at lines 529--531
\OT1/cmr/m/it/10 FreePBX Open-Source Project - Doc-u-men-ta-tion. \OT1/cmr/m/n/10 [on-line] Avail-able at:
 []


Overfull \hbox (38.16765pt too wide) in paragraph at lines 529--531
\OT1/cmr/m/n/10 https://wiki.freepbx.org/display/FOP/Installing+FreePBX+14+on+Ubuntu+18.04 
 []

/Users/aleks/Documents/TEC/Redes/proyecto2/documentacion.tex:534: Undefined control sequence.
l.534   [online] Available at: \url
                                   {https://github.com/naturalis/openstack-d...
The control sequence at the end of the top line
of your error message was never \def'ed. If you have
misspelled it (e.g., `\hobx'), type `I' and the correct
spelling (e.g., `I\hbox'). Otherwise just continue,
and I'll forget about whatever was undefined.


Underfull \hbox (badness 10000) in paragraph at lines 533--535
[]\OT1/cmr/m/n/10 GitHub. (2018). naturalis/openstack-docs. [on-line] Avail-able at:
 []


Underfull \hbox (badness 10000) in paragraph at lines 533--535
\OT1/cmr/m/n/10 https://github.com/naturalis/openstack-docs/wiki/Howto:-Deploy-a-
 []

[12]
/Users/aleks/Documents/TEC/Redes/proyecto2/documentacion.tex:538: Undefined control sequence.
l.538   [online] Available at: \url
                                   {https://github.com/naturalis/openstack-d...
The control sequence at the end of the top line
of your error message was never \def'ed. If you have
misspelled it (e.g., `\hobx'), type `I' and the correct
spelling (e.g., `I\hbox'). Otherwise just continue,
and I'll forget about whatever was undefined.


Underfull \hbox (badness 10000) in paragraph at lines 537--539
[]\OT1/cmr/m/n/10 GitHub. (2018). naturalis/openstack-docs. [on-line] Avail-able at:
 []


Underfull \hbox (badness 10000) in paragraph at lines 537--539
\OT1/cmr/m/n/10 https://github.com/naturalis/openstack-docs/wiki/Howto:-Creating-
 []

/Users/aleks/Documents/TEC/Redes/proyecto2/documentacion.tex:542: Undefined control sequence.
l.542   [online] Available at: \url
                                   {https://github.com/naturalis/openstack-d...
The control sequence at the end of the top line
of your error message was never \def'ed. If you have
misspelled it (e.g., `\hobx'), type `I' and the correct
spelling (e.g., `I\hbox'). Otherwise just continue,
and I'll forget about whatever was undefined.


Underfull \hbox (badness 10000) in paragraph at lines 541--543
[]\OT1/cmr/m/n/10 GitHub. (2018). naturalis/openstack-docs. [on-line] Avail-able at:
 []


Underfull \hbox (badness 10000) in paragraph at lines 541--543
\OT1/cmr/m/n/10 https://github.com/naturalis/openstack-docs/wiki/Howto:-Creating-
 []

/Users/aleks/Documents/TEC/Redes/proyecto2/documentacion.tex:546: Undefined control sequence.
l.546   [online] Available at: \url
                                   {https://docs.openstack.org/project-insta...
The control sequence at the end of the top line
of your error message was never \def'ed. If you have
misspelled it (e.g., `\hobx'), type `I' and the correct
spelling (e.g., `I\hbox'). Otherwise just continue,
and I'll forget about whatever was undefined.


Underfull \hbox (badness 4242) in paragraph at lines 545--547
[]\OT1/cmr/m/n/10 Docs.openstack.org. (2018). \OT1/cmr/m/it/10 Open-Stack Docs: In-stall and con-fig-ure
 []


Underfull \hbox (badness 1168) in paragraph at lines 545--547
\OT1/cmr/m/it/10 the con-troller node for Red Hat En-ter-prise Linux and Cen-tOS. \OT1/cmr/m/n/10 [on-
 []

[13] (./documentacion.aux)

LaTeX Warning: Label(s) may have changed. Rerun to get cross-references right.

 ) 
Here is how much of TeX's memory you used:
 3541 strings out of 492649
 49021 string characters out of 6129622
 162438 words of memory out of 5000000
 7393 multiletter control sequences out of 15000+600000
 6754 words of font info for 24 fonts, out of 8000000 for 9000
 1141 hyphenation exceptions out of 8191
 41i,11n,51p,515b,1788s stack positions out of 5000i,500n,10000p,200000b,80000s
</usr/local/texlive/2018/texmf-dist/fonts/type1/public/amsfonts/cm/cmbx10.pfb></usr/local/texlive/2018/texmf-dist/fonts/type1/public/amsfonts/cm/cmbx12.pfb></usr/local/texlive/2018/texmf-dist/fonts/type1/public/amsfonts/cm/cmcsc10.pfb></usr/local/texlive/2018/texmf-dist/fonts/type1/public/amsfonts/cm/cmmi10.pfb></usr/local/texlive/2018/texmf-dist/fonts/type1/public/amsfonts/cm/cmr10.pfb></usr/local/texlive/2018/texmf-dist/fonts/type1/public/amsfonts/cm/cmsy10.pfb></usr/local/texlive/2018/texmf-dist/fonts/type1/public/amsfonts/cm/cmti10.pfb></usr/local/texlive/2018/texmf-dist/fonts/type1/public/amsfonts/cm/cmti12.pfb>
Output written on documentacion.pdf (14 pages, 322861 bytes).
PDF statistics:
 110 PDF objects out of 1000 (max. 8388607)
 58 compressed objects within 1 object stream
 0 named destinations out of 1000 (max. 500000)
 76 words of extra memory for PDF output out of 10000 (max. 10000000)

